app/build/outputs/mapping/release/seeds.txt
com.vincent_falzon.discreetlauncher.R$color: int abc_primary_text_material_light
com.vincent_falzon.discreetlauncher.ActivityMain: androidx.recyclerview.widget.RecyclerView drawer
com.vincent_falzon.discreetlauncher.RecyclerAdapter$ApplicationView
com.vincent_falzon.discreetlauncher.R$integer: int config_tooltipAnimTime
com.vincent_falzon.discreetlauncher.ActivityMain: void maybeHideSystemBars(boolean)
com.vincent_falzon.discreetlauncher.R$id: int view_tree_view_model_store_owner
com.vincent_falzon.discreetlauncher.R$styleable: int MenuItem_tooltipText
com.vincent_falzon.discreetlauncher.R$styleable: int PreferenceGroup_android_orderingFromXml
com.vincent_falzon.discreetlauncher.core.Search$TextChangeListener: Search$TextChangeListener(com.vincent_falzon.discreetlauncher.core.Search,com.vincent_falzon.discreetlauncher.core.Search$1)
com.vincent_falzon.discreetlauncher.R$style: int Widget_AppCompat_ActionButton
com.vincent_falzon.discreetlauncher.R$dimen: int abc_dialog_fixed_width_major
com.vincent_falzon.discreetlauncher.R$attr: int preferenceCategoryStyle
com.vincent_falzon.discreetlauncher.R$dimen: int abc_text_size_button_material
com.vincent_falzon.discreetlauncher.R$dimen: int abc_action_bar_default_padding_end_material
com.vincent_falzon.discreetlauncher.R$id: int visible_removing_fragment_view_tag
com.vincent_falzon.discreetlauncher.R$style: int Base_TextAppearance_AppCompat_Widget_PopupMenu_Header
com.vincent_falzon.discreetlauncher.R$styleable: int SearchView_android_focusable
com.vincent_falzon.discreetlauncher.R$style: int Base_V22_Theme_AppCompat_Light
com.vincent_falzon.discreetlauncher.R$styleable: int AppCompatTheme_actionModeCopyDrawable
com.vincent_falzon.discreetlauncher.R$color: int dim_foreground_material_dark
com.vincent_falzon.discreetlauncher.core.Application: void setIcon(android.graphics.drawable.Drawable)
com.vincent_falzon.discreetlauncher.ActivityMain: android.widget.TextView menuButton
com.vincent_falzon.discreetlauncher.R$styleable: int AppCompatTheme_actionModeSplitBackground
com.vincent_falzon.discreetlauncher.R$attr: int actionModeCopyDrawable
com.vincent_falzon.discreetlauncher.R$id: int multiply
com.vincent_falzon.discreetlauncher.R$style: int Base_V28_Theme_AppCompat_Light
com.vincent_falzon.discreetlauncher.R$styleable: int PreferenceImageView_android_maxWidth
com.vincent_falzon.discreetlauncher.R$styleable: int Spinner_android_dropDownWidth
com.vincent_falzon.discreetlauncher.R$string: int long_click_dialog_title
com.vincent_falzon.discreetlauncher.R$styleable: int AppCompatSeekBar_tickMarkTintMode
com.vincent_falzon.discreetlauncher.R$styleable: int Toolbar_contentInsetStart
com.vincent_falzon.discreetlauncher.menu.ActivityFavorites: void onClick(android.view.View)
com.vincent_falzon.discreetlauncher.R$styleable: int AppCompatTextView_autoSizeMaxTextSize
com.vincent_falzon.discreetlauncher.R$id: int tabMode
com.vincent_falzon.discreetlauncher.R$styleable: int FontFamilyFont_font
com.vincent_falzon.discreetlauncher.R$style: int Theme_AppCompat_Dialog_Alert
com.vincent_falzon.discreetlauncher.storage.InternalFile: java.io.File file
com.vincent_falzon.discreetlauncher.R$string: int set_dark_status_bar_icons
com.vincent_falzon.discreetlauncher.R$styleable: int AppCompatTheme_listPreferredItemPaddingRight
com.vincent_falzon.discreetlauncher.ActivityMain: void setApplicationTheme()
com.vincent_falzon.discreetlauncher.R$styleable: int StateListDrawable_android_constantSize
com.vincent_falzon.discreetlauncher.ActivityMain: androidx.recyclerview.widget.GridLayoutManager access$1100(com.vincent_falzon.discreetlauncher.ActivityMain)
com.vincent_falzon.discreetlauncher.R$styleable: int FontFamilyFont_fontWeight
com.vincent_falzon.discreetlauncher.R$attr: int iconTint
com.vincent_falzon.discreetlauncher.R$string: int abc_search_hint
...
androidx.recyclerview.widget.RecyclerView$Adapter: void notifyItemRangeRemoved(int,int)
androidx.appcompat.widget.SwitchCompat: int getSwitchMinWidth()
androidx.appcompat.widget.AppCompatButton: void setCustomSelectionActionModeCallback(android.view.ActionMode$Callback)
androidx.recyclerview.widget.LinearLayoutManager: void layoutForPredictiveAnimations(androidx.recyclerview.widget.RecyclerView$Recycler,androidx.recyclerview.widget.RecyclerView$State,int,int)
androidx.fragment.app.Fragment: androidx.activity.result.ActivityResultLauncher prepareCallInternal(androidx.activity.result.contract.ActivityResultContract,androidx.arch.core.util.Function,androidx.activity.result.ActivityResultCallback)
androidx.preference.TwoStatePreference: TwoStatePreference(android.content.Context,android.util.AttributeSet)
androidx.recyclerview.widget.RecyclerView$LayoutManager: boolean supportsPredictiveItemAnimations()
androidx.recyclerview.widget.LinearLayoutManager: int computeScrollOffset(androidx.recyclerview.widget.RecyclerView$State)
androidx.appcompat.widget.AlertDialogLayout: AlertDialogLayout(android.content.Context,android.util.AttributeSet)
androidx.recyclerview.widget.RecyclerView$LayoutManager: boolean mIsAttachedToWindow
androidx.recyclerview.widget.GridLayoutManager: void onItemsAdded(androidx.recyclerview.widget.RecyclerView,int,int)
androidx.recyclerview.widget.LinearLayoutManager: android.os.Parcelable onSaveInstanceState()
androidx.recyclerview.widget.LinearLayoutManager: void collectAdjacentPrefetchPositions(int,int,androidx.recyclerview.widget.RecyclerView$State,androidx.recyclerview.widget.RecyclerView$LayoutManager$LayoutPrefetchRegistry)
androidx.appcompat.view.menu.ActionMenuItemView
androidx.appcompat.widget.AppCompatMultiAutoCompleteTextView: void setBackgroundDrawable(android.graphics.drawable.Drawable)
androidx.recyclerview.widget.RecyclerView$ViewHolder: int FLAG_REMOVED
androidx.recyclerview.widget.RecyclerView$LayoutManager: android.view.View getFocusedChild()
androidx.appcompat.widget.AppCompatCheckBox: void setBackgroundResource(int)
androidx.appcompat.app.AppCompatActivity: void onTitleChanged(java.lang.CharSequence,int)
androidx.appcompat.widget.FitWindowsFrameLayout
androidx.recyclerview.widget.LinearLayoutManager: void assertNotInLayoutOrScroll(java.lang.String)
androidx.appcompat.widget.Toolbar: void setNavigationContentDescription(int)
androidx.fragment.app.Fragment: android.view.View getView()
androidx.recyclerview.widget.RecyclerView$LayoutManager: void setExactMeasureSpecsFrom(androidx.recyclerview.widget.RecyclerView)
androidx.fragment.app.Fragment: boolean mInLayout
androidx.recyclerview.widget.RecyclerView$LayoutManager: void onRestoreInstanceState(android.os.Parcelable)
androidx.recyclerview.widget.LinearLayoutManager: void updateLayoutState(int,int,boolean,androidx.recyclerview.widget.RecyclerView$State)
androidx.lifecycle.ReportFragment$LifecycleCallbacks: void onActivityPostStarted(android.app.Activity)
androidx.appcompat.widget.AppCompatRadioButton: void setButtonDrawable(android.graphics.drawable.Drawable)
androidx.recyclerview.widget.RecyclerView: java.lang.CharSequence getAccessibilityClassName()
androidx.fragment.app.Fragment: androidx.fragment.app.Fragment findFragmentByWho(java.lang.String)
androidx.recyclerview.widget.LinearLayoutManager: int computeScrollExtent(androidx.recyclerview.widget.RecyclerView$State)
androidx.appcompat.widget.AppCompatMultiAutoCompleteTextView: void setBackgroundResource(int)
androidx.recyclerview.widget.GridLayoutManager: androidx.recyclerview.widget.RecyclerView$LayoutParams generateLayoutParams(android.view.ViewGroup$LayoutParams)
androidx.recyclerview.widget.GridLayoutManager: androidx.recyclerview.widget.GridLayoutManager$SpanSizeLookup mSpanSizeLookup
androidx.appcompat.widget.AppCompatTextView: int getAutoSizeTextType()
androidx.recyclerview.widget.LinearLayoutManager: int getInitialPrefetchItemCount()