app/build/outputs/mapping/release/mapping.txt
# compiler: R8
# compiler_version: 2.1.86
# min_api: 31
# pg_map_id: dbaecb9
# common_typos_disable
com.vincent_falzon.discreetlauncher.ActivityMain -> com.vincent_falzon.discreetlauncher.ActivityMain:
    1:1:android.graphics.drawable.Drawable androidx.core.content.res.ResourcesCompat.getDrawable(android.content.res.Resources,int,android.content.res.Resources$Theme):0:0 -> displayFavorites
    1:1:void displayFavorites(boolean):0 -> displayFavorites
    2:2:void displayFavorites(boolean):0:0 -> displayFavorites
    3:3:android.graphics.drawable.Drawable androidx.core.graphics.drawable.DrawableCompat.unwrap(android.graphics.drawable.Drawable):0:0 -> displayFavorites
    3:3:void displayFavorites(boolean):0 -> displayFavorites
    4:4:void displayFavorites(boolean):0:0 -> displayFavorites
    1:1:android.content.SharedPreferences androidx.preference.PreferenceManager.getDefaultSharedPreferences(android.content.Context):0:0 -> onCreate
    1:1:void onCreate(android.os.Bundle):0 -> onCreate
    2:2:void onCreate(android.os.Bundle):0:0 -> onCreate
    1:1:boolean androidx.core.view.GestureDetectorCompat.onTouchEvent(android.view.MotionEvent):0:0 -> onTouchEvent
    1:1:boolean onTouchEvent(android.view.MotionEvent):0 -> onTouchEvent
    2:2:boolean androidx.core.view.GestureDetectorCompat$GestureDetectorCompatImplJellybeanMr2.onTouchEvent(android.view.MotionEvent):0:0 -> onTouchEvent
    2:2:boolean androidx.core.view.GestureDetectorCompat.onTouchEvent(android.view.MotionEvent):0 -> onTouchEvent
    2:2:boolean onTouchEvent(android.view.MotionEvent):0 -> onTouchEvent
com.vincent_falzon.discreetlauncher.RecyclerAdapter -> com.vincent_falzon.discreetlauncher.RecyclerAdapter:
    1:1:android.content.SharedPreferences androidx.preference.PreferenceManager.getDefaultSharedPreferences(android.content.Context):0:0 -> <init>
    1:1:void <init>(android.content.Context,java.util.ArrayList,int):0 -> <init>
    2:2:void <init>(android.content.Context,java.util.ArrayList,int):0:0 -> <init>
com.vincent_falzon.discreetlauncher.core.ApplicationsList -> com.vincent_falzon.discreetlauncher.core.ApplicationsList:
    1:1:android.graphics.drawable.Drawable androidx.core.content.res.ResourcesCompat.getDrawable(android.content.res.Resources,int,android.content.res.Resources$Theme):0:0 -> loadShortcuts
    1:1:void loadShortcuts(android.content.Context):0 -> loadShortcuts
    2:2:void loadShortcuts(android.content.Context):0:0 -> loadShortcuts
    1:1:android.content.SharedPreferences androidx.preference.PreferenceManager.getDefaultSharedPreferences(android.content.Context):0:0 -> update
    1:1:void update(android.content.Context):0 -> update
    2:2:void update(android.content.Context):0:0 -> update
    3:3:android.graphics.drawable.Drawable androidx.core.content.ContextCompat.getDrawable(android.content.Context,int):0:0 -> update
    3:3:void update(android.content.Context):0 -> update
    4:4:void update(android.content.Context):0:0 -> update
com.vincent_falzon.discreetlauncher.core.IconPack -> com.vincent_falzon.discreetlauncher.core.IconPack:
    1:1:android.content.SharedPreferences androidx.preference.PreferenceManager.getDefaultSharedPreferences(android.content.Context):0:0 -> <init>
    1:1:void <init>(android.content.Context,java.lang.String):0 -> <init>
    2:2:void <init>(android.content.Context,java.lang.String):0:0 -> <init>
    1:1:android.graphics.drawable.Drawable androidx.core.content.res.ResourcesCompat.getDrawable(android.content.res.Resources,int,android.content.res.Resources$Theme):0:0 -> searchIcon
    1:1:android.graphics.drawable.Drawable searchIcon(java.lang.String,java.lang.String):0 -> searchIcon
    2:2:android.graphics.drawable.Drawable searchIcon(java.lang.String,java.lang.String):0:0 -> searchIcon
...
androidx.preference.SeekBarPreference$1 -> androidx.preference.SeekBarPreference$a:
    androidx.preference.SeekBarPreference this$0 -> a
    1:1:void androidx.preference.SeekBarPreference.syncValueInternal(android.widget.SeekBar):0:0 -> onProgressChanged
    1:1:void onProgressChanged(android.widget.SeekBar,int,boolean):0 -> onProgressChanged
    2:2:void onProgressChanged(android.widget.SeekBar,int,boolean):0:0 -> onProgressChanged
    1:1:void androidx.preference.SeekBarPreference.syncValueInternal(android.widget.SeekBar):0:0 -> onStopTrackingTouch
    1:1:void onStopTrackingTouch(android.widget.SeekBar):0 -> onStopTrackingTouch
androidx.preference.SeekBarPreference$2 -> androidx.preference.SeekBarPreference$b:
    androidx.preference.SeekBarPreference this$0 -> a
androidx.preference.SeekBarPreference$SavedState -> androidx.preference.SeekBarPreference$c:
    int mMin -> b
    int mMax -> c
    int mSeekBarValue -> a
androidx.preference.SeekBarPreference$SavedState$1 -> androidx.preference.SeekBarPreference$c$a:
    1:1:androidx.preference.SeekBarPreference$SavedState createFromParcel(android.os.Parcel):0:0 -> createFromParcel
    1:1:java.lang.Object createFromParcel(android.os.Parcel):0 -> createFromParcel
    1:1:androidx.preference.SeekBarPreference$SavedState[] newArray(int):0:0 -> newArray
    1:1:java.lang.Object[] newArray(int):0 -> newArray
androidx.preference.SwitchPreference -> androidx.preference.SwitchPreference:
    androidx.preference.SwitchPreference$Listener mListener -> R
    java.lang.CharSequence mSwitchOn -> S
    java.lang.CharSequence mSwitchOff -> T
    1:1:void <init>(android.content.Context,android.util.AttributeSet,int,int):0:0 -> <init>
    1:1:void <init>(android.content.Context,android.util.AttributeSet,int):0 -> <init>
    1:1:void <init>(android.content.Context,android.util.AttributeSet):0 -> <init>
    2:2:java.lang.String androidx.core.content.res.TypedArrayUtils.getString(android.content.res.TypedArray,int,int):0:0 -> <init>
    2:2:void <init>(android.content.Context,android.util.AttributeSet,int,int):0 -> <init>
    2:2:void <init>(android.content.Context,android.util.AttributeSet,int):0 -> <init>
    2:2:void <init>(android.content.Context,android.util.AttributeSet):0 -> <init>
    3:3:void <init>(android.content.Context,android.util.AttributeSet,int,int):0:0 -> <init>
    3:3:void <init>(android.content.Context,android.util.AttributeSet,int):0 -> <init>
    3:3:void <init>(android.content.Context,android.util.AttributeSet):0 -> <init>
    4:4:java.lang.String androidx.core.content.res.TypedArrayUtils.getString(android.content.res.TypedArray,int,int):0:0 -> <init>
    4:4:void <init>(android.content.Context,android.util.AttributeSet,int,int):0 -> <init>
    4:4:void <init>(android.content.Context,android.util.AttributeSet,int):0 -> <init>
androidx.preference.SwitchPreference$Listener -> androidx.preference.SwitchPreference$a:
    androidx.preference.SwitchPreference this$0 -> a