app/build/outputs/mapping/release/usage.txt
androidx.annotation.Dimension
androidx.savedstate.R$id:
    private void <init>()
androidx.core.widget.EdgeEffectCompat:
    public void <init>(android.content.Context)
    public void setSize(int,int)
    public boolean isFinished()
    public void finish()
    public boolean onPull(float)
    public boolean onPull(float,float)
    public boolean onRelease()
    public boolean onAbsorb(int)
    public boolean draw(android.graphics.Canvas)
    private android.widget.EdgeEffect mEdgeEffect
androidx.core.view.accessibility.AccessibilityViewCommand$SetSelectionArguments:
    public int getStart()
    public int getEnd()
androidx.versionedparcelable.VersionedParcel$ParcelException
androidx.recyclerview.widget.StableIdStorage$NoStableIdStorage
androidx.appcompat.widget.ShareActionProvider
androidx.appcompat.app.AppCompatDelegateImpl$ContextThemeWrapperCompatApi17Impl:
    private void <init>()
androidx.vectordrawable.graphics.drawable.VectorDrawableCompat$VPath:
    public void printVPath(int)
    public java.lang.String nodesToString(androidx.core.graphics.PathParser$PathDataNode[])
    public boolean canApplyTheme()
    public void applyTheme(android.content.res.Resources$Theme)
    protected static final int FILL_TYPE_WINDING
androidx.core.app.NotificationCompat$Action$Builder
androidx.fragment.app.Fragment$9:
    public androidx.activity.result.contract.ActivityResultContract getContract()
androidx.fragment.app.FragmentStateManagerControl
androidx.appcompat.R$bool:
    private void <init>()
    public static final int abc_config_actionMenuItemAllCaps
androidx.core.os.UserManagerCompat
androidx.appcompat.app.WindowDecorActionBar$TabImpl
androidx.core.util.AtomicFile
androidx.lifecycle.LiveData:
    public void <init>(java.lang.Object)
    public void removeObservers(androidx.lifecycle.LifecycleOwner)
    protected void postValue(java.lang.Object)
    int getVersion()
    public boolean hasObservers()
    static final int START_VERSION
androidx.annotation.CallSuper
androidx.vectordrawable.R$integer
androidx.appcompat.app.ActionBar$NavigationMode
androidx.appcompat.widget.AbsActionBarView$1
androidx.appcompat.view.menu.MenuPopupHelper:
    public void <init>(android.content.Context,androidx.appcompat.view.menu.MenuBuilder)
    public void <init>(android.content.Context,androidx.appcompat.view.menu.MenuBuilder,android.view.View)
    public int getGravity()
    public void show(int,int)
    public android.widget.ListView getListView()
    private static final int TOUCH_EPICENTER_SIZE_DP
androidx.loader.R$layout
androidx.core.app.NotificationCompat$BigPictureStyle$Api23Impl
androidx.appcompat.graphics.drawable.DrawableContainer$Api21Impl:
    private void <init>()
androidx.appcompat.widget.TooltipCompat:
    private void <init>()
androidx.customview.widget.ExploreByTouchHelper$MyNodeProvider
androidx.preference.PreferenceDataStore:
    public void <init>()
    public void putLong(java.lang.String,long)
    public void putFloat(java.lang.String,float)
    public long getLong(java.lang.String,long)
    public float getFloat(java.lang.String,float)
androidx.core.app.ShareCompat$IntentBuilder
androidx.fragment.app.FragmentManagerNonConfig
androidx.viewpager.widget.ViewPager$OnPageChangeListener
androidx.fragment.app.FragmentLifecycleCallbacksDispatcher$FragmentLifecycleCallbacksHolder:
    void <init>(androidx.fragment.app.FragmentManager$FragmentLifecycleCallbacks,boolean)
androidx.core.app.SharedElementCallback$OnSharedElementsReadyListener:
    public abstract void onSharedElementsReady()
androidx.core.view.MenuCompat